<?xml version="1.0" encoding="UTF-8"?>
<!-- Generated by org.testng.reporters.JUnitReportReporter -->
<testsuite hostname="Prantas-MacBook-Pro.local" failures="0" tests="1" name="com.Playground.runner.Web_Runner" time="162.043" errors="0" timestamp="2023-05-26T02:25:34 IST" skipped="0">
  <testcase classname="com.Playground.runner.Web_Runner" name="scenario" time="162.043"/>
  <system-out/>
</testsuite> <!-- com.Playground.runner.Web_Runner -->
