<?xml version="1.0" encoding="UTF-8"?>
<!-- Generated by org.testng.reporters.JUnitReportReporter -->
<testsuite skipped="1" hostname="Poulomita" name="com.NTS.bdd.Runner.Web_Runner" tests="1" failures="0" timestamp="2023-05-19T14:51:31 IST" time="0.000" errors="0">
  <testcase name="scenario" time="0.000" classname="com.NTS.bdd.Runner.Web_Runner">
    <skipped/>
  </testcase> <!-- scenario -->
  <system-out/>
</testsuite> <!-- com.NTS.bdd.Runner.Web_Runner -->
